

Started GET "/rails/info/properties" for 127.0.0.1 at 2011-05-01 16:51:17 -0300
  Processing by Rails::InfoController#properties as HTML
  [1m[36mSQL (0.6ms)[0m  [1m SELECT name
 FROM sqlite_master
 WHERE type = 'table' AND NOT name = 'sqlite_sequence'
[0m
Rendered inline template (0.6ms)
Completed 200 OK in 84ms (Views: 1.7ms | ActiveRecord: 0.6ms)


Started GET "/rails/info/properties" for 127.0.0.1 at 2011-05-01 16:51:20 -0300
  Processing by Rails::InfoController#properties as HTML
Rendered inline template (1.0ms)
Completed 200 OK in 3ms (Views: 2.1ms | ActiveRecord: 0.0ms)


Started GET "/rails/info/properties" for 127.0.0.1 at 2011-05-01 16:51:28 -0300
  Processing by Rails::InfoController#properties as HTML
Rendered inline template (1.0ms)
Completed 200 OK in 3ms (Views: 2.0ms | ActiveRecord: 0.0ms)


Started GET "/pp" for 127.0.0.1 at 2011-05-01 17:01:02 -0300

ActionController::RoutingError (No route matches "/pp"):
  

Rendered /home/damian/.rvm/gems/ruby-1.9.2-p180/gems/actionpack-3.0.7/lib/action_dispatch/middleware/templates/rescues/routing_error.erb within rescues/layout (1.5ms)


Started GET "/rails/info/properties" for 127.0.0.1 at 2011-05-01 17:14:08 -0300
  Processing by Rails::InfoController#properties as HTML
  [1m[36mSQL (56.8ms)[0m  [1m SELECT name
 FROM sqlite_master
 WHERE type = 'table' AND NOT name = 'sqlite_sequence'
[0m
Rendered inline template (1.3ms)
Completed 200 OK in 161ms (Views: 3.5ms | ActiveRecord: 56.8ms)
  [1m[36mSQL (1.1ms)[0m  [1m SELECT name
 FROM sqlite_master
 WHERE type = 'table' AND NOT name = 'sqlite_sequence'
[0m
  [1m[35mSQL (0.2ms)[0m  select sqlite_version(*)
  [1m[36mSQL (5.7ms)[0m  [1mCREATE TABLE "schema_migrations" ("version" varchar(255) NOT NULL) [0m
  [1m[35mSQL (0.1ms)[0m  PRAGMA index_list("schema_migrations")
  [1m[36mSQL (2.6ms)[0m  [1mCREATE UNIQUE INDEX "unique_schema_migrations" ON "schema_migrations" ("version")[0m
  [1m[35mSQL (0.2ms)[0m   SELECT name
 FROM sqlite_master
 WHERE type = 'table' AND NOT name = 'sqlite_sequence'
  [1m[36mSQL (0.2ms)[0m  [1m SELECT name
 FROM sqlite_master
 WHERE type = 'table' AND NOT name = 'sqlite_sequence'
[0m
  [1m[35mSQL (0.1ms)[0m  SELECT "schema_migrations"."version" FROM "schema_migrations"
Migrating to CreateAdvertisements (20110506005934)
  [1m[36mSQL (1.2ms)[0m  [1mCREATE TABLE "advertisements" ("id" INTEGER PRIMARY KEY AUTOINCREMENT NOT NULL, "title" varchar(255), "body" text, "created_at" datetime, "updated_at" datetime) [0m
  [1m[35mSQL (0.2ms)[0m  INSERT INTO "schema_migrations" ("version") VALUES ('20110506005934')
  [1m[36mSQL (0.4ms)[0m  [1m SELECT name
 FROM sqlite_master
 WHERE type = 'table' AND NOT name = 'sqlite_sequence'
[0m
  [1m[35mSQL (0.1ms)[0m  SELECT "schema_migrations"."version" FROM "schema_migrations"
  [1m[36mSQL (0.1ms)[0m  [1m SELECT name
 FROM sqlite_master
 WHERE type = 'table' AND NOT name = 'sqlite_sequence'
[0m
  [1m[35mSQL (0.1ms)[0m  PRAGMA index_list("advertisements")


Started GET "/" for 127.0.0.1 at 2011-05-05 22:03:59 -0300

ActionController::RoutingError (No route matches "/"):
  

Rendered /home/damian/.rvm/gems/ruby-1.9.2-p180/gems/actionpack-3.0.7/lib/action_dispatch/middleware/templates/rescues/routing_error.erb within rescues/layout (1.5ms)


Started GET "/" for 127.0.0.1 at 2011-05-05 22:06:01 -0300
  Processing by HomeController#index as HTML
Rendered home/index.html.erb within layouts/application (2.7ms)
Completed 200 OK in 9ms (Views: 8.7ms | ActiveRecord: 0.0ms)


Started GET "/" for 127.0.0.1 at 2011-05-05 22:09:04 -0300
  Processing by HomeController#index as HTML
Rendered home/index.html.erb within layouts/application (3.0ms)
Completed 200 OK in 9ms (Views: 8.4ms | ActiveRecord: 0.0ms)


Started GET "/advertisements" for 127.0.0.1 at 2011-05-05 22:09:10 -0300
  Processing by AdvertisementsController#index as HTML
  [1m[36mAdvertisement Load (0.6ms)[0m  [1mSELECT "advertisements".* FROM "advertisements"[0m
Rendered advertisements/index.html.erb within layouts/application (3.3ms)
Completed 200 OK in 131ms (Views: 9.3ms | ActiveRecord: 0.6ms)


Started GET "/advertisements/new" for 127.0.0.1 at 2011-05-05 22:09:15 -0300
  Processing by AdvertisementsController#new as HTML
Rendered advertisements/_form.html.erb (93.8ms)
Rendered advertisements/new.html.erb within layouts/application (98.4ms)
Completed 200 OK in 150ms (Views: 103.8ms | ActiveRecord: 0.0ms)


Started POST "/advertisements" for 127.0.0.1 at 2011-05-05 22:09:36 -0300
  Processing by AdvertisementsController#create as HTML
  Parameters: {"utf8"=>"✓", "authenticity_token"=>"SEObZyYqFPfFlqoXvYFxDzLI8/hw+ugRec8QRzSIinY=", "advertisement"=>{"title"=>"Primero", "body"=>"Este es el primero advertisement !"}, "commit"=>"Create Advertisement"}
  [1m[35mSQL (0.2ms)[0m   SELECT name
 FROM sqlite_master
 WHERE type = 'table' AND NOT name = 'sqlite_sequence'
  [1m[36mAREL (0.6ms)[0m  [1mINSERT INTO "advertisements" ("title", "body", "created_at", "updated_at") VALUES ('Primero', 'Este es el primero advertisement !', '2011-05-06 01:09:36.465242', '2011-05-06 01:09:36.465242')[0m
Redirected to http://localhost:3000/advertisements/1
Completed 302 Found in 125ms


Started GET "/advertisements/1" for 127.0.0.1 at 2011-05-05 22:09:36 -0300
  Processing by AdvertisementsController#show as HTML
  Parameters: {"id"=>"1"}
  [1m[35mAdvertisement Load (0.3ms)[0m  SELECT "advertisements".* FROM "advertisements" WHERE "advertisements"."id" = 1 LIMIT 1
Rendered advertisements/show.html.erb within layouts/application (13.3ms)
Completed 200 OK in 35ms (Views: 19.1ms | ActiveRecord: 0.3ms)


Started GET "/advertisements/1/edit" for 127.0.0.1 at 2011-05-05 22:09:40 -0300
  Processing by AdvertisementsController#edit as HTML
  Parameters: {"id"=>"1"}
  [1m[36mAdvertisement Load (0.2ms)[0m  [1mSELECT "advertisements".* FROM "advertisements" WHERE "advertisements"."id" = 1 LIMIT 1[0m
Rendered advertisements/_form.html.erb (13.9ms)
Rendered advertisements/edit.html.erb within layouts/application (19.1ms)
Completed 200 OK in 38ms (Views: 24.5ms | ActiveRecord: 0.2ms)


Started POST "/advertisements/1" for 127.0.0.1 at 2011-05-05 22:09:45 -0300
  Processing by AdvertisementsController#update as HTML
  Parameters: {"utf8"=>"✓", "authenticity_token"=>"SEObZyYqFPfFlqoXvYFxDzLI8/hw+ugRec8QRzSIinY=", "advertisement"=>{"title"=>"Primero", "body"=>"Este es el primero advertisement !!!"}, "commit"=>"Update Advertisement", "id"=>"1"}
  [1m[35mAdvertisement Load (0.2ms)[0m  SELECT "advertisements".* FROM "advertisements" WHERE "advertisements"."id" = 1 LIMIT 1
  [1m[36mAREL (0.3ms)[0m  [1mUPDATE "advertisements" SET "body" = 'Este es el primero advertisement !!!', "updated_at" = '2011-05-06 01:09:45.312311' WHERE "advertisements"."id" = 1[0m
Redirected to http://localhost:3000/advertisements/1
Completed 302 Found in 29ms


Started GET "/advertisements/1" for 127.0.0.1 at 2011-05-05 22:09:45 -0300
  Processing by AdvertisementsController#show as HTML
  Parameters: {"id"=>"1"}
  [1m[35mAdvertisement Load (0.3ms)[0m  SELECT "advertisements".* FROM "advertisements" WHERE "advertisements"."id" = 1 LIMIT 1
Rendered advertisements/show.html.erb within layouts/application (12.2ms)
Completed 200 OK in 34ms (Views: 17.7ms | ActiveRecord: 0.3ms)


Started GET "/advertisements" for 127.0.0.1 at 2011-05-05 22:09:46 -0300
  Processing by AdvertisementsController#index as HTML
  [1m[36mAdvertisement Load (0.5ms)[0m  [1mSELECT "advertisements".* FROM "advertisements"[0m
Rendered advertisements/index.html.erb within layouts/application (13.8ms)
Completed 200 OK in 31ms (Views: 19.4ms | ActiveRecord: 0.5ms)


Started GET "/advertisements/1" for 127.0.0.1 at 2011-05-05 22:09:50 -0300
  Processing by AdvertisementsController#show as HTML
  Parameters: {"id"=>"1"}
  [1m[35mAdvertisement Load (0.3ms)[0m  SELECT "advertisements".* FROM "advertisements" WHERE "advertisements"."id" = 1 LIMIT 1
Rendered advertisements/show.html.erb within layouts/application (46.5ms)
Completed 200 OK in 66ms (Views: 51.7ms | ActiveRecord: 1.6ms)


Started GET "/advertisements" for 127.0.0.1 at 2011-05-05 22:09:52 -0300
  Processing by AdvertisementsController#index as HTML
  [1m[36mAdvertisement Load (0.5ms)[0m  [1mSELECT "advertisements".* FROM "advertisements"[0m
Rendered advertisements/index.html.erb within layouts/application (13.4ms)
Completed 200 OK in 30ms (Views: 18.9ms | ActiveRecord: 0.5ms)


Started GET "/advertisements/new" for 127.0.0.1 at 2011-05-05 22:09:54 -0300
  Processing by AdvertisementsController#new as HTML
Rendered advertisements/_form.html.erb (10.1ms)
Rendered advertisements/new.html.erb within layouts/application (14.5ms)
Completed 200 OK in 32ms (Views: 19.8ms | ActiveRecord: 0.0ms)


Started GET "/advertisements" for 127.0.0.1 at 2011-05-05 22:09:55 -0300
  Processing by AdvertisementsController#index as HTML
  [1m[35mAdvertisement Load (0.5ms)[0m  SELECT "advertisements".* FROM "advertisements"
Rendered advertisements/index.html.erb within layouts/application (14.1ms)
Completed 200 OK in 31ms (Views: 19.5ms | ActiveRecord: 0.5ms)


Started GET "/" for 127.0.0.1 at 2011-05-05 22:09:58 -0300
  Processing by HomeController#index as HTML
Rendered home/index.html.erb within layouts/application (3.0ms)
Completed 200 OK in 9ms (Views: 8.3ms | ActiveRecord: 0.0ms)


Started GET "/advertisements" for 127.0.0.1 at 2011-05-05 22:10:00 -0300
  Processing by AdvertisementsController#index as HTML
  [1m[36mAdvertisement Load (0.5ms)[0m  [1mSELECT "advertisements".* FROM "advertisements"[0m
Rendered advertisements/index.html.erb within layouts/application (13.8ms)
Completed 200 OK in 30ms (Views: 19.3ms | ActiveRecord: 0.5ms)


Started GET "/" for 127.0.0.1 at 2011-05-05 22:26:26 -0300
  Processing by HomeController#index as HTML
Rendered home/index.html.erb within layouts/application (3.1ms)
Completed 200 OK in 11ms (Views: 9.9ms | ActiveRecord: 0.0ms)


Started GET "/advertisements" for 127.0.0.1 at 2011-05-05 22:26:32 -0300
  Processing by AdvertisementsController#index as HTML
  [1m[36mAdvertisement Load (0.7ms)[0m  [1mSELECT "advertisements".* FROM "advertisements"[0m
Rendered advertisements/index.html.erb within layouts/application (47.0ms)
Completed 200 OK in 188ms (Views: 53.5ms | ActiveRecord: 0.7ms)


Started POST "/advertisements/1" for 127.0.0.1 at 2011-05-05 22:26:39 -0300
  Processing by AdvertisementsController#destroy as HTML
  Parameters: {"authenticity_token"=>"SEObZyYqFPfFlqoXvYFxDzLI8/hw+ugRec8QRzSIinY=", "id"=>"1"}
  [1m[35mSQL (0.5ms)[0m   SELECT name
 FROM sqlite_master
 WHERE type = 'table' AND NOT name = 'sqlite_sequence'
  [1m[36mAdvertisement Load (0.3ms)[0m  [1mSELECT "advertisements".* FROM "advertisements" WHERE "advertisements"."id" = 1 LIMIT 1[0m
  [1m[35mAREL (10.1ms)[0m  DELETE FROM "advertisements" WHERE "advertisements"."id" = 1
Redirected to http://localhost:3000/advertisements
Completed 302 Found in 54ms


Started GET "/advertisements" for 127.0.0.1 at 2011-05-05 22:26:39 -0300
  Processing by AdvertisementsController#index as HTML
  [1m[36mAdvertisement Load (0.5ms)[0m  [1mSELECT "advertisements".* FROM "advertisements"[0m
Rendered advertisements/index.html.erb within layouts/application (3.4ms)
Completed 200 OK in 23ms (Views: 10.0ms | ActiveRecord: 0.5ms)
